/Users/senthilkumarshanmugam/Documents/Future/Assignments/GO_JEK/parking_lot/parking_lot
[INFO] Scanning for projects...
[INFO] 
[INFO] ------------------------< com.assigment:GOJEK >-------------------------
[INFO] Building GOJEK 0.0.1-SNAPSHOT
[INFO] --------------------------------[ jar ]---------------------------------
[INFO] 
[INFO] --- maven-clean-plugin:2.5:clean (default-clean) @ GOJEK ---
[INFO] Deleting /Users/senthilkumarshanmugam/Documents/Future/Assignments/GO_JEK/parking_lot/parking_lot/GOJEK/target
[INFO] 
[INFO] --- maven-resources-plugin:2.6:resources (default-resources) @ GOJEK ---
[INFO] Using 'UTF-8' encoding to copy filtered resources.
[INFO] skip non existing resourceDirectory /Users/senthilkumarshanmugam/Documents/Future/Assignments/GO_JEK/parking_lot/parking_lot/GOJEK/src/main/resources
[INFO] 
[INFO] --- maven-compiler-plugin:3.5.1:compile (default-compile) @ GOJEK ---
[INFO] Changes detected - recompiling the module!
[INFO] Compiling 16 source files to /Users/senthilkumarshanmugam/Documents/Future/Assignments/GO_JEK/parking_lot/parking_lot/GOJEK/target/classes
[INFO] /Users/senthilkumarshanmugam/Documents/Future/Assignments/GO_JEK/parking_lot/parking_lot/GOJEK/src/main/java/com/assigment/GOJEK/parkinglot/ParkingLot.java: /Users/senthilkumarshanmugam/Documents/Future/Assignments/GO_JEK/parking_lot/parking_lot/GOJEK/src/main/java/com/assigment/GOJEK/parkinglot/ParkingLot.java uses unchecked or unsafe operations.
[INFO] /Users/senthilkumarshanmugam/Documents/Future/Assignments/GO_JEK/parking_lot/parking_lot/GOJEK/src/main/java/com/assigment/GOJEK/parkinglot/ParkingLot.java: Recompile with -Xlint:unchecked for details.
[INFO] ------------------------------------------------------------------------
[INFO] BUILD SUCCESS
[INFO] ------------------------------------------------------------------------
[INFO] Total time: 2.260 s
[INFO] Finished at: 2018-09-28T22:16:15+05:30
[INFO] ------------------------------------------------------------------------
[INFO] Scanning for projects...
[INFO] 
[INFO] ------------------------< com.assigment:GOJEK >-------------------------
[INFO] Building GOJEK 0.0.1-SNAPSHOT
[INFO] --------------------------------[ jar ]---------------------------------
[INFO] 
[INFO] --- maven-resources-plugin:2.6:resources (default-resources) @ GOJEK ---
[INFO] Using 'UTF-8' encoding to copy filtered resources.
[INFO] skip non existing resourceDirectory /Users/senthilkumarshanmugam/Documents/Future/Assignments/GO_JEK/parking_lot/parking_lot/GOJEK/src/main/resources
[INFO] 
[INFO] --- maven-compiler-plugin:3.5.1:compile (default-compile) @ GOJEK ---
[INFO] Nothing to compile - all classes are up to date
[INFO] 
[INFO] --- maven-resources-plugin:2.6:testResources (default-testResources) @ GOJEK ---
[INFO] Using 'UTF-8' encoding to copy filtered resources.
[INFO] skip non existing resourceDirectory /Users/senthilkumarshanmugam/Documents/Future/Assignments/GO_JEK/parking_lot/parking_lot/GOJEK/src/test/resources
[INFO] 
[INFO] --- maven-compiler-plugin:3.5.1:testCompile (default-testCompile) @ GOJEK ---
[INFO] Changes detected - recompiling the module!
[INFO] Compiling 2 source files to /Users/senthilkumarshanmugam/Documents/Future/Assignments/GO_JEK/parking_lot/parking_lot/GOJEK/target/test-classes
[INFO] 
[INFO] --- maven-surefire-plugin:2.12.4:test (default-test) @ GOJEK ---
[INFO] Surefire report directory: /Users/senthilkumarshanmugam/Documents/Future/Assignments/GO_JEK/parking_lot/parking_lot/GOJEK/target/surefire-reports

-------------------------------------------------------
 T E S T S
-------------------------------------------------------
Running com.assigment.GOJEK.parkinglot.ParkingLotFactoryImplTest
Tests run: 1, Failures: 0, Errors: 0, Skipped: 0, Time elapsed: 0.01 sec
Running com.assigment.GOJEK.parkinglot.ParkingLotTest
Slot No.    Registration No    Colour
1           KA-01-HH-1234      Black
Tests run: 20, Failures: 0, Errors: 0, Skipped: 0, Time elapsed: 0.314 sec

Results :

Tests run: 21, Failures: 0, Errors: 0, Skipped: 0

[INFO] ------------------------------------------------------------------------
[INFO] BUILD SUCCESS
[INFO] ------------------------------------------------------------------------
[INFO] Total time: 3.214 s
[INFO] Finished at: 2018-09-28T22:16:20+05:30
[INFO] ------------------------------------------------------------------------
[INFO] Scanning for projects...
[INFO] 
[INFO] ------------------------< com.assigment:GOJEK >-------------------------
[INFO] Building GOJEK 0.0.1-SNAPSHOT
[INFO] --------------------------------[ jar ]---------------------------------
[INFO] 
[INFO] --- maven-resources-plugin:2.6:resources (default-resources) @ GOJEK ---
[INFO] Using 'UTF-8' encoding to copy filtered resources.
[INFO] skip non existing resourceDirectory /Users/senthilkumarshanmugam/Documents/Future/Assignments/GO_JEK/parking_lot/parking_lot/GOJEK/src/main/resources
[INFO] 
[INFO] --- maven-compiler-plugin:3.5.1:compile (default-compile) @ GOJEK ---
[INFO] Nothing to compile - all classes are up to date
[INFO] 
[INFO] --- maven-resources-plugin:2.6:testResources (default-testResources) @ GOJEK ---
[INFO] Using 'UTF-8' encoding to copy filtered resources.
[INFO] skip non existing resourceDirectory /Users/senthilkumarshanmugam/Documents/Future/Assignments/GO_JEK/parking_lot/parking_lot/GOJEK/src/test/resources
[INFO] 
[INFO] --- maven-compiler-plugin:3.5.1:testCompile (default-testCompile) @ GOJEK ---
[INFO] Nothing to compile - all classes are up to date
[INFO] 
[INFO] --- maven-surefire-plugin:2.12.4:test (default-test) @ GOJEK ---
[INFO] Surefire report directory: /Users/senthilkumarshanmugam/Documents/Future/Assignments/GO_JEK/parking_lot/parking_lot/GOJEK/target/surefire-reports

-------------------------------------------------------
 T E S T S
-------------------------------------------------------
Running com.assigment.GOJEK.parkinglot.ParkingLotFactoryImplTest
Tests run: 1, Failures: 0, Errors: 0, Skipped: 0, Time elapsed: 0.01 sec
Running com.assigment.GOJEK.parkinglot.ParkingLotTest
Slot No.    Registration No    Colour
1           KA-01-HH-1234      Black
Tests run: 20, Failures: 0, Errors: 0, Skipped: 0, Time elapsed: 0.301 sec

Results :

Tests run: 21, Failures: 0, Errors: 0, Skipped: 0

[INFO] 
[INFO] --- maven-jar-plugin:2.4:jar (default-jar) @ GOJEK ---
[INFO] Building jar: /Users/senthilkumarshanmugam/Documents/Future/Assignments/GO_JEK/parking_lot/parking_lot/GOJEK/target/GOJEK-0.0.1-SNAPSHOT.jar
[INFO] 
[INFO] --- maven-install-plugin:2.4:install (default-install) @ GOJEK ---
[INFO] Installing /Users/senthilkumarshanmugam/Documents/Future/Assignments/GO_JEK/parking_lot/parking_lot/GOJEK/target/GOJEK-0.0.1-SNAPSHOT.jar to /Users/senthilkumarshanmugam/.m2/repository/com/assigment/GOJEK/0.0.1-SNAPSHOT/GOJEK-0.0.1-SNAPSHOT.jar
[INFO] Installing /Users/senthilkumarshanmugam/Documents/Future/Assignments/GO_JEK/parking_lot/parking_lot/GOJEK/pom.xml to /Users/senthilkumarshanmugam/.m2/repository/com/assigment/GOJEK/0.0.1-SNAPSHOT/GOJEK-0.0.1-SNAPSHOT.pom
[INFO] ------------------------------------------------------------------------
[INFO] BUILD SUCCESS
[INFO] ------------------------------------------------------------------------
[INFO] Total time: 2.698 s
[INFO] Finished at: 2018-09-28T22:16:24+05:30
[INFO] ------------------------------------------------------------------------
